<?xml version="1.0" encoding="UTF-8"?>
<testsuite name="test.java.SortDemoTest" tests="7" skipped="0" failures="0" errors="0" timestamp="2018-10-22T06:11:36" hostname="Yuvan-PC" time="0.098">
  <properties/>
  <testcase name="NonIntegerValue" classname="test.java.SortDemoTest" time="0.0"/>
  <testcase name="negativeArraySize" classname="test.java.SortDemoTest" time="0.001"/>
  <testcase name="SameNumber" classname="test.java.SortDemoTest" time="0.003"/>
  <testcase name="NoNumber" classname="test.java.SortDemoTest" time="0.002"/>
  <testcase name="NoSuchElem" classname="test.java.SortDemoTest" time="0.001"/>
  <testcase name="testNumber" classname="test.java.SortDemoTest" time="0.002"/>
  <testcase name="testLaunchApplet" classname="test.java.SortDemoTest" time="0.078"/>
  <system-out><![CDATA[java.awt.Dimension[width=2000,height=500]
]]></system-out>
  <system-err><![CDATA[]]></system-err>
</testsuite>
