<?xml version="1.0" encoding="UTF-8"?>
<testsuite name="test.java.AlgoTest" tests="10" skipped="0" failures="0" errors="0" timestamp="2018-10-22T06:11:36" hostname="Yuvan-PC" time="0.042">
  <properties/>
  <testcase name="insertionSortThrowsNullPointerExceptionIfInputIsNull" classname="test.java.AlgoTest" time="0.003"/>
  <testcase name="compareBubbleSortResultsWithInsertionSortResultsForAscendingValues" classname="test.java.AlgoTest" time="0.001"/>
  <testcase name="mergenSortThrowsNullPointerExceptionIfInputIsNull" classname="test.java.AlgoTest" time="0.001"/>
  <testcase name="bubbleSortThrowsNullPointerExceptionIfInputIsNull" classname="test.java.AlgoTest" time="0.0"/>
  <testcase name="compareBubbleSortResultsWithSelectionSortResultsForDescendingValues" classname="test.java.AlgoTest" time="0.0"/>
  <testcase name="selectionSortThrowsNullPointerExceptionIfInputIsNull" classname="test.java.AlgoTest" time="0.0"/>
  <testcase name="compareBubblesortwithallOtherSortingalgoUsingRandom" classname="test.java.AlgoTest" time="0.027"/>
  <testcase name="BubbleSortCoverageWhenInputIsNull" classname="test.java.AlgoTest" time="0.002"/>
  <testcase name="compareBubbleSortResultsWithSelectionSortResultsForSameValues" classname="test.java.AlgoTest" time="0.0"/>
  <testcase name="compareBubbleSortResultsWithHeapSortResultsForOneValue" classname="test.java.AlgoTest" time="0.0"/>
  <system-out><![CDATA[]]></system-out>
  <system-err><![CDATA[]]></system-err>
</testsuite>
